1CH 1: No data returned from AI
1CH 2: No data returned from AI
1CH 6: No data returned from AI
1CH 21: No data returned from AI
1CH 25: No data returned from AI
1CO 7: No data returned from AI
1KI 2: No data returned from AI
1KI 6: No data returned from AI
1KI 22: No data returned from AI
1SA 14: No data returned from AI
1SA 17: No data returned from AI
2CH 25: No data returned from AI
2CH 29: No data returned from AI
2KI 9: No data returned from AI
2KI 15: No data returned from AI
2KI 17: No data returned from AI
2KI 23: No data returned from AI
2SA 3: No data returned from AI
2SA 13: No data returned from AI
2SA 14: No data returned from AI
2SA 19: No data returned from AI
2SA 22: No data returned from AI
2SA 23: No data returned from AI
ACT 13: No data returned from AI
ACT 15: No data returned from AI
DAN 11: No data returned from AI
DEU 1: No data returned from AI
EXO 25: No data returned from AI
EXO 30: No data returned from AI
EZK 20: No data returned from AI
EZK 40: No data returned from AI
GEN 1: No data returned from AI
GEN 31: No data returned from AI
JDG 8: No data returned from AI
JDG 11: No data returned from AI
JER 2: No data returned from AI
JER 7: No data returned from AI
JER 23: No data returned from AI
JER 50: No data returned from AI
JER 51: No data returned from AI
JHN 15: No data returned from AI
JHN 17: No data returned from AI
LEV 6: No data returned from AI
LUK 2: No data returned from AI
LUK 9: No data returned from AI
MAT 6: No data returned from AI
MAT 7: No data returned from AI
MAT 23: No data returned from AI
MAT 25: No data returned from AI
MRK 1: No data returned from AI
MRK 6: No data returned from AI
NEH 7: No data returned from AI
NEH 9: No data returned from AI
NUM 3: No data returned from AI
NUM 7: No data returned from AI
NUM 14: No data returned from AI
PRO 10: No data returned from AI
PSA 18: No data returned from AI
PSA 22: No data returned from AI
PSA 37: No data returned from AI
PSA 68: No data returned from AI
PSA 78: No data returned from AI
PSA 105: No data returned from AI
PSA 119: No data returned from AI
REV 2: No data returned from AI
REV 3: No data returned from AI
